<?xml version="1.0" encoding="UTF-8"?>
<!-- Generated by org.testng.reporters.JUnitReportReporter -->
<testsuite hostname="LAPTOP-IKS9SD1L" failures="0" tests="1" name="testcases.OpenAccountTest" time="1.437" errors="0" timestamp="29 Oct 2024 02:23:54 GMT" skipped="0">
  <testcase classname="testcases.OpenAccountTest" name="openAccountForExistingCustomers" time="1.437"/>
</testsuite> <!-- testcases.OpenAccountTest -->
