<?xml version="1.0" encoding="UTF-8"?>
<!-- Generated by org.testng.reporters.JUnitReportReporter -->
<testsuite hostname="LAPTOP-IKS9SD1L" failures="0" tests="23" name="testcases.addCustomerTest" time="38.387" errors="0" timestamp="29 Oct 2024 02:23:54 GMT" skipped="1">
  <testcase classname="testcases.addCustomerTest" name="addCustomerTest" time="1.930"/>
  <testcase classname="testcases.addCustomerTest" name="addCustomerTest" time="1.840"/>
  <testcase classname="testcases.addCustomerTest" name="addCustomerTest" time="1.520"/>
  <testcase classname="testcases.addCustomerTest" name="addCustomerTest" time="1.581"/>
  <testcase classname="testcases.addCustomerTest" name="addCustomerTest" time="1.684"/>
  <testcase classname="testcases.addCustomerTest" name="addCustomerTest" time="1.812"/>
  <testcase classname="testcases.addCustomerTest" name="addCustomerTest" time="1.788"/>
  <testcase classname="testcases.addCustomerTest" name="addCustomerTest" time="1.714"/>
  <testcase classname="testcases.addCustomerTest" name="addCustomerTest" time="2.585"/>
  <testcase classname="testcases.addCustomerTest" name="addCustomerTest" time="1.707"/>
  <testcase classname="testcases.addCustomerTest" name="addCustomerTest" time="1.577"/>
  <testcase classname="testcases.addCustomerTest" name="addCustomerTest" time="1.498"/>
  <testcase classname="testcases.addCustomerTest" name="addCustomerTest" time="1.862"/>
  <testcase classname="testcases.addCustomerTest" name="addCustomerTest" time="1.342"/>
  <testcase classname="testcases.addCustomerTest" name="addCustomerTest" time="1.534"/>
  <testcase classname="testcases.addCustomerTest" name="addCustomerTest" time="2.203"/>
  <testcase classname="testcases.addCustomerTest" name="addCustomerTest" time="1.660"/>
  <testcase classname="testcases.addCustomerTest" name="addCustomerTest" time="1.810"/>
  <testcase classname="testcases.addCustomerTest" name="addCustomerTest" time="1.784"/>
  <testcase classname="testcases.addCustomerTest" name="addCustomerTest" time="1.476"/>
  <testcase classname="testcases.addCustomerTest" name="addCustomerTest" time="1.825"/>
  <testcase classname="testcases.addCustomerTest" name="addCustomerTest" time="1.615"/>
  <testcase classname="testcases.addCustomerTest" name="screenshotValidationAmeo" time="0.040">
    <skipped/>
  </testcase> <!-- screenshotValidationAmeo -->
</testsuite> <!-- testcases.addCustomerTest -->
