<?xml version="1.0" encoding="UTF-8"?>
<!-- Generated by org.testng.reporters.JUnitReportReporter -->
<testsuite hostname="LAPTOP-IKS9SD1L" failures="0" tests="2" name="testcases.LoginTest" time="2.604" errors="0" timestamp="29 Oct 2024 02:23:54 GMT" skipped="0">
  <testcase classname="testcases.LoginTest" name="LoginsAsMember" time="0.617"/>
  <testcase classname="testcases.LoginTest" name="LoginsAsManager" time="1.987"/>
</testsuite> <!-- testcases.LoginTest -->
